<?xml version="1.0" encoding="UTF-8"?>
<testng-results ignored="0" total="1" passed="1" failed="0" skipped="0">
  <reporter-output>
  </reporter-output>
  <suite started-at="2023-04-07T19:01:46 MSK" name="Suite" finished-at="2023-04-07T19:01:53 MSK" duration-ms="6748">
    <groups>
    </groups>
    <test started-at="2023-04-07T19:01:46 MSK" name="SmokeTest" finished-at="2023-04-07T19:01:53 MSK" duration-ms="6748">
      <class name="steam.test.SteamProject">
        <test-method is-config="true" signature="setup()[pri:0, instance:steam.test.SteamProject@548a102f]" started-at="2023-04-07T19:01:46 MSK" name="setup" finished-at="2023-04-07T19:01:49 MSK" duration-ms="2944" status="PASS">
          <reporter-output>
          </reporter-output>
        </test-method> <!-- setup -->
        <test-method signature="steamTest()[pri:0, instance:steam.test.SteamProject@548a102f]" started-at="2023-04-07T19:01:49 MSK" name="steamTest" finished-at="2023-04-07T19:01:53 MSK" duration-ms="3779" status="PASS">
          <reporter-output>
          </reporter-output>
        </test-method> <!-- steamTest -->
      </class> <!-- steam.test.SteamProject -->
    </test> <!-- SmokeTest -->
  </suite> <!-- Suite -->
</testng-results>
